<?xml version="1.0" encoding="UTF-8"?>
<!-- Generated by org.testng.reporters.JUnitReportReporter -->
<testsuite hostname="tangxiaohua" name="com.gfan.pub.Footer" tests="3" failures="0" timestamp="20 Oct 2016 05:55:36 GMT" time="23.358" errors="0">
  <testcase name="getFooterTopLinks" time="8.052" classname="com.gfan.pub.Footer"/>
  <testcase name="getFriendlyLinks" time="8.455" classname="com.gfan.pub.Footer"/>
  <testcase name="getBottom" time="6.851" classname="com.gfan.pub.Footer"/>
</testsuite> <!-- com.gfan.pub.Footer -->
