<?xml version="1.0" encoding="UTF-8"?>
<!-- Generated by org.testng.reporters.JUnitReportReporter -->
<testsuite hostname="tangxiaohua" name="com.gfan.test.Test" tests="1" failures="0" timestamp="20 Oct 2016 05:39:27 GMT" time="0.453" errors="0">
  <testcase name="test" time="0.453" classname="com.gfan.test.Test"/>
</testsuite> <!-- com.gfan.test.Test -->
