<?xml version="1.0" encoding="UTF-8"?>
<!-- Generated by org.testng.reporters.JUnitReportReporter -->
<testsuite hostname="tangxiaohua" name="com.gfan.test.TestPhoneLeft" tests="1" failures="0" timestamp="19 Oct 2016 09:26:23 GMT" time="0.222" errors="0">
  <testcase name="phoneLeft" time="0.222" classname="com.gfan.test.TestPhoneLeft"/>
</testsuite>
